[27-Nov-2020 01:08:49 UTC] PHP Fatal error:  Can't use method return value in write context in /work/app/Http/Controllers/MenuController.php on line 64
[28-Nov-2020 09:16:44 UTC] PHP Fatal error:  Allowed memory size of 134217728 bytes exhausted (tried to allocate 98582528 bytes) in /work/storage/framework/views/065cc0c9c4169513c1e1f80e785d8c3eb36fbd93.php on line 18
[28-Nov-2020 09:16:45 UTC] PHP Fatal error:  Allowed memory size of 134217728 bytes exhausted (tried to allocate 98709504 bytes) in /work/vendor/symfony/http-foundation/Response.php on line 368
[28-Nov-2020 09:16:45 UTC] PHP Fatal error:  Allowed memory size of 134217728 bytes exhausted (tried to allocate 98566144 bytes) in Unknown on line 0
[28-Nov-2020 09:16:55 UTC] PHP Fatal error:  Allowed memory size of 134217728 bytes exhausted (tried to allocate 98582528 bytes) in /work/storage/framework/views/065cc0c9c4169513c1e1f80e785d8c3eb36fbd93.php on line 18
[28-Nov-2020 09:16:56 UTC] PHP Fatal error:  Allowed memory size of 134217728 bytes exhausted (tried to allocate 98705408 bytes) in /work/vendor/symfony/http-foundation/Response.php on line 368
[28-Nov-2020 09:16:56 UTC] PHP Fatal error:  Allowed memory size of 134217728 bytes exhausted (tried to allocate 98566144 bytes) in Unknown on line 0
[28-Nov-2020 09:18:25 UTC] PHP Fatal error:  Allowed memory size of 134217728 bytes exhausted (tried to allocate 98582528 bytes) in /work/storage/framework/views/065cc0c9c4169513c1e1f80e785d8c3eb36fbd93.php on line 17
[28-Nov-2020 09:18:26 UTC] PHP Fatal error:  Allowed memory size of 134217728 bytes exhausted (tried to allocate 98705408 bytes) in /work/vendor/symfony/http-foundation/Response.php on line 368
[28-Nov-2020 09:18:26 UTC] PHP Fatal error:  Allowed memory size of 134217728 bytes exhausted (tried to allocate 98566144 bytes) in Unknown on line 0
[29-Nov-2020 12:02:51 Asia/Tokyo] PHP Warning:  copy(): php_network_getaddresses: getaddrinfo failed: Try again in Command line code on line 1
[29-Nov-2020 12:02:51 Asia/Tokyo] PHP Warning:  copy(https://readouble.com/laravel/5.5/ja/install-ja-lang-files.php): failed to open stream: php_network_getaddresses: getaddrinfo failed: Try again in Command line code on line 1
[29-Nov-2020 12:03:29 Asia/Tokyo] PHP Warning:  copy(): php_network_getaddresses: getaddrinfo failed: Try again in Command line code on line 1
[29-Nov-2020 12:03:29 Asia/Tokyo] PHP Warning:  copy(https://readouble.com/laravel/5.8/ja/install-ja-lang-files.php): failed to open stream: php_network_getaddresses: getaddrinfo failed: Try again in Command line code on line 1
[29-Nov-2020 12:06:21 Asia/Tokyo] PHP Warning:  copy(): php_network_getaddresses: getaddrinfo failed: Try again in Command line code on line 1
[29-Nov-2020 12:06:21 Asia/Tokyo] PHP Warning:  copy(https://readouble.com/laravel/5.8/ja/install-ja-lang-files.php): failed to open stream: php_network_getaddresses: getaddrinfo failed: Try again in Command line code on line 1
[29-Nov-2020 12:11:22 Asia/Tokyo] PHP Warning:  copy(): php_network_getaddresses: getaddrinfo failed: Try again in Command line code on line 1
[29-Nov-2020 12:11:22 Asia/Tokyo] PHP Warning:  copy(https://readouble.com/laravel/5.8/ja/install-ja-lang-files.php): failed to open stream: php_network_getaddresses: getaddrinfo failed: Try again in Command line code on line 1
[29-Nov-2020 12:13:02 Asia/Tokyo] PHP Warning:  copy(): php_network_getaddresses: getaddrinfo failed: Try again in Command line code on line 1
[29-Nov-2020 12:13:03 Asia/Tokyo] PHP Warning:  copy(https://readouble.com/laravel/5.8/ja/install-ja-lang-files.php): failed to open stream: php_network_getaddresses: getaddrinfo failed: Try again in Command line code on line 1
[29-Nov-2020 12:22:08 Asia/Tokyo] PHP Parse error:  syntax error, unexpected end of file in Command line code on line 1
[29-Nov-2020 12:24:12 Asia/Tokyo] PHP Warning:  copy(): php_network_getaddresses: getaddrinfo failed: Try again in Command line code on line 1
[29-Nov-2020 12:24:12 Asia/Tokyo] PHP Warning:  copy(https://readouble.com/laravel/5.8/ja/install-ja-lang-files.php): failed to open stream: php_network_getaddresses: getaddrinfo failed: Try again in Command line code on line 1
[29-Nov-2020 03:31:18 UTC] PHP Fatal error:  Constant expression contains invalid operations in /work/app/Http/Controllers/Auth/RegisterController.php on line 31
[29-Nov-2020 16:23:34 UTC] PHP Fatal error:  Constant expression contains invalid operations in /work/app/Http/Controllers/Auth/LoginController.php on line 28
[30-Nov-2020 01:45:16 Asia/Tokyo] PHP Warning:  copy(): php_network_getaddresses: getaddrinfo failed: Try again in Command line code on line 1
[30-Nov-2020 01:45:16 Asia/Tokyo] PHP Warning:  copy(https://readouble.com/laravel/5.8/ja/install-ja-lang-files.php): failed to open stream: php_network_getaddresses: getaddrinfo failed: Try again in Command line code on line 1
[30-Nov-2020 03:00:57 UTC] PHP Fatal error:  Cannot redeclare App\Http\Controllers\MenuController::showCreate() in /work/app/Http/Controllers/MenuController.php on line 58
[30-Nov-2020 14:26:45 UTC] PHP Fatal error:  Cannot use isset() on the result of an expression (you can use "null !== expression" instead) in /work/storage/framework/views/c584b4a227fac6fb11b4fa6ea7557c7df2210e75.php on line 25
[30-Nov-2020 14:56:32 UTC] PHP Fatal error:  Cannot use Auth as Auth because the name is already in use in /work/app/Http/Controllers/MenuController.php on line 11
[01-Dec-2020 17:04:59 UTC] PHP Fatal error:  Cannot use isset() on the result of an expression (you can use "null !== expression" instead) in /work/app/Http/Controllers/MenuController.php on line 78
[01-Dec-2020 17:10:52 UTC] PHP Fatal error:  Cannot use isset() on the result of an expression (you can use "null !== expression" instead) in /work/app/Http/Controllers/MenuController.php on line 78
[05-Dec-2020 13:40:14 UTC] PHP Fatal error:  Uncaught ReflectionException: Class view does not exist in /work/vendor/laravel/framework/src/Illuminate/Container/Container.php:788
Stack trace:
#0 /work/vendor/laravel/framework/src/Illuminate/Container/Container.php(788): ReflectionClass->__construct('view')
#1 /work/vendor/laravel/framework/src/Illuminate/Container/Container.php(667): Illuminate\Container\Container->build('view')
#2 /work/vendor/laravel/framework/src/Illuminate/Container/Container.php(615): Illuminate\Container\Container->resolve('view', Array)
#3 /work/vendor/laravel/framework/src/Illuminate/Foundation/Application.php(767): Illuminate\Container\Container->make('view', Array)
#4 /work/vendor/laravel/framework/src/Illuminate/Container/Container.php(1227): Illuminate\Foundation\Application->make('view')
#5 /work/vendor/laravel/framework/src/Illuminate/Support/Facades/Facade.php(176): Illuminate\Container\Container->offsetGet('view')
#6 /work/vendor/laravel/framework/src/Illuminate/Support/Facades/Facade.php(144): Illuminate\Support\Facades\ in /work/vendor/laravel/framework/src/Illuminate/Container/Container.php on line 788
[05-Dec-2020 13:40:14 UTC] PHP Fatal error:  Uncaught ReflectionException: Class view does not exist in /work/vendor/laravel/framework/src/Illuminate/Container/Container.php:788
Stack trace:
#0 /work/vendor/laravel/framework/src/Illuminate/Container/Container.php(788): ReflectionClass->__construct('view')
#1 /work/vendor/laravel/framework/src/Illuminate/Container/Container.php(667): Illuminate\Container\Container->build('view')
#2 /work/vendor/laravel/framework/src/Illuminate/Container/Container.php(615): Illuminate\Container\Container->resolve('view', Array)
#3 /work/vendor/laravel/framework/src/Illuminate/Foundation/Application.php(767): Illuminate\Container\Container->make('view', Array)
#4 /work/vendor/laravel/framework/src/Illuminate/Container/Container.php(1227): Illuminate\Foundation\Application->make('view')
#5 /work/vendor/laravel/framework/src/Illuminate/Support/Facades/Facade.php(176): Illuminate\Container\Container->offsetGet('view')
#6 /work/vendor/laravel/framework/src/Illuminate/Support/Facades/Facade.php(144): Illuminate\Support\Facades\ in /work/vendor/laravel/framework/src/Illuminate/Container/Container.php on line 788
[05-Dec-2020 13:40:39 UTC] PHP Fatal error:  Uncaught ReflectionException: Class view does not exist in /work/vendor/laravel/framework/src/Illuminate/Container/Container.php:788
Stack trace:
#0 /work/vendor/laravel/framework/src/Illuminate/Container/Container.php(788): ReflectionClass->__construct('view')
#1 /work/vendor/laravel/framework/src/Illuminate/Container/Container.php(667): Illuminate\Container\Container->build('view')
#2 /work/vendor/laravel/framework/src/Illuminate/Container/Container.php(615): Illuminate\Container\Container->resolve('view', Array)
#3 /work/vendor/laravel/framework/src/Illuminate/Foundation/Application.php(767): Illuminate\Container\Container->make('view', Array)
#4 /work/vendor/laravel/framework/src/Illuminate/Container/Container.php(1227): Illuminate\Foundation\Application->make('view')
#5 /work/vendor/laravel/framework/src/Illuminate/Support/Facades/Facade.php(176): Illuminate\Container\Container->offsetGet('view')
#6 /work/vendor/laravel/framework/src/Illuminate/Support/Facades/Facade.php(144): Illuminate\Support\Facades\ in /work/vendor/laravel/framework/src/Illuminate/Container/Container.php on line 788
[05-Dec-2020 13:40:39 UTC] PHP Fatal error:  Uncaught ReflectionException: Class view does not exist in /work/vendor/laravel/framework/src/Illuminate/Container/Container.php:788
Stack trace:
#0 /work/vendor/laravel/framework/src/Illuminate/Container/Container.php(788): ReflectionClass->__construct('view')
#1 /work/vendor/laravel/framework/src/Illuminate/Container/Container.php(667): Illuminate\Container\Container->build('view')
#2 /work/vendor/laravel/framework/src/Illuminate/Container/Container.php(615): Illuminate\Container\Container->resolve('view', Array)
#3 /work/vendor/laravel/framework/src/Illuminate/Foundation/Application.php(767): Illuminate\Container\Container->make('view', Array)
#4 /work/vendor/laravel/framework/src/Illuminate/Container/Container.php(1227): Illuminate\Foundation\Application->make('view')
#5 /work/vendor/laravel/framework/src/Illuminate/Support/Facades/Facade.php(176): Illuminate\Container\Container->offsetGet('view')
#6 /work/vendor/laravel/framework/src/Illuminate/Support/Facades/Facade.php(144): Illuminate\Support\Facades\ in /work/vendor/laravel/framework/src/Illuminate/Container/Container.php on line 788
[05-Dec-2020 13:41:33 UTC] PHP Fatal error:  Uncaught ReflectionException: Class view does not exist in /work/vendor/laravel/framework/src/Illuminate/Container/Container.php:788
Stack trace:
#0 /work/vendor/laravel/framework/src/Illuminate/Container/Container.php(788): ReflectionClass->__construct('view')
#1 /work/vendor/laravel/framework/src/Illuminate/Container/Container.php(667): Illuminate\Container\Container->build('view')
#2 /work/vendor/laravel/framework/src/Illuminate/Container/Container.php(615): Illuminate\Container\Container->resolve('view', Array)
#3 /work/vendor/laravel/framework/src/Illuminate/Foundation/Application.php(767): Illuminate\Container\Container->make('view', Array)
#4 /work/vendor/laravel/framework/src/Illuminate/Container/Container.php(1227): Illuminate\Foundation\Application->make('view')
#5 /work/vendor/laravel/framework/src/Illuminate/Support/Facades/Facade.php(176): Illuminate\Container\Container->offsetGet('view')
#6 /work/vendor/laravel/framework/src/Illuminate/Support/Facades/Facade.php(144): Illuminate\Support\Facades\ in /work/vendor/laravel/framework/src/Illuminate/Container/Container.php on line 788
[05-Dec-2020 13:41:33 UTC] PHP Fatal error:  Uncaught ReflectionException: Class view does not exist in /work/vendor/laravel/framework/src/Illuminate/Container/Container.php:788
Stack trace:
#0 /work/vendor/laravel/framework/src/Illuminate/Container/Container.php(788): ReflectionClass->__construct('view')
#1 /work/vendor/laravel/framework/src/Illuminate/Container/Container.php(667): Illuminate\Container\Container->build('view')
#2 /work/vendor/laravel/framework/src/Illuminate/Container/Container.php(615): Illuminate\Container\Container->resolve('view', Array)
#3 /work/vendor/laravel/framework/src/Illuminate/Foundation/Application.php(767): Illuminate\Container\Container->make('view', Array)
#4 /work/vendor/laravel/framework/src/Illuminate/Container/Container.php(1227): Illuminate\Foundation\Application->make('view')
#5 /work/vendor/laravel/framework/src/Illuminate/Support/Facades/Facade.php(176): Illuminate\Container\Container->offsetGet('view')
#6 /work/vendor/laravel/framework/src/Illuminate/Support/Facades/Facade.php(144): Illuminate\Support\Facades\ in /work/vendor/laravel/framework/src/Illuminate/Container/Container.php on line 788
[05-Dec-2020 13:43:40 UTC] PHP Fatal error:  Uncaught ReflectionException: Class view does not exist in /work/vendor/laravel/framework/src/Illuminate/Container/Container.php:788
Stack trace:
#0 /work/vendor/laravel/framework/src/Illuminate/Container/Container.php(788): ReflectionClass->__construct('view')
#1 /work/vendor/laravel/framework/src/Illuminate/Container/Container.php(667): Illuminate\Container\Container->build('view')
#2 /work/vendor/laravel/framework/src/Illuminate/Container/Container.php(615): Illuminate\Container\Container->resolve('view', Array)
#3 /work/vendor/laravel/framework/src/Illuminate/Foundation/Application.php(767): Illuminate\Container\Container->make('view', Array)
#4 /work/vendor/laravel/framework/src/Illuminate/Container/Container.php(1227): Illuminate\Foundation\Application->make('view')
#5 /work/vendor/laravel/framework/src/Illuminate/Support/Facades/Facade.php(176): Illuminate\Container\Container->offsetGet('view')
#6 /work/vendor/laravel/framework/src/Illuminate/Support/Facades/Facade.php(144): Illuminate\Support\Facades\ in /work/vendor/laravel/framework/src/Illuminate/Container/Container.php on line 788
[05-Dec-2020 13:43:40 UTC] PHP Fatal error:  Uncaught ReflectionException: Class view does not exist in /work/vendor/laravel/framework/src/Illuminate/Container/Container.php:788
Stack trace:
#0 /work/vendor/laravel/framework/src/Illuminate/Container/Container.php(788): ReflectionClass->__construct('view')
#1 /work/vendor/laravel/framework/src/Illuminate/Container/Container.php(667): Illuminate\Container\Container->build('view')
#2 /work/vendor/laravel/framework/src/Illuminate/Container/Container.php(615): Illuminate\Container\Container->resolve('view', Array)
#3 /work/vendor/laravel/framework/src/Illuminate/Foundation/Application.php(767): Illuminate\Container\Container->make('view', Array)
#4 /work/vendor/laravel/framework/src/Illuminate/Container/Container.php(1227): Illuminate\Foundation\Application->make('view')
#5 /work/vendor/laravel/framework/src/Illuminate/Support/Facades/Facade.php(176): Illuminate\Container\Container->offsetGet('view')
#6 /work/vendor/laravel/framework/src/Illuminate/Support/Facades/Facade.php(144): Illuminate\Support\Facades\ in /work/vendor/laravel/framework/src/Illuminate/Container/Container.php on line 788
[05-Dec-2020 13:46:04 UTC] PHP Fatal error:  Uncaught ReflectionException: Class view does not exist in /work/vendor/laravel/framework/src/Illuminate/Container/Container.php:788
Stack trace:
#0 /work/vendor/laravel/framework/src/Illuminate/Container/Container.php(788): ReflectionClass->__construct('view')
#1 /work/vendor/laravel/framework/src/Illuminate/Container/Container.php(667): Illuminate\Container\Container->build('view')
#2 /work/vendor/laravel/framework/src/Illuminate/Container/Container.php(615): Illuminate\Container\Container->resolve('view', Array)
#3 /work/vendor/laravel/framework/src/Illuminate/Foundation/Application.php(767): Illuminate\Container\Container->make('view', Array)
#4 /work/vendor/laravel/framework/src/Illuminate/Container/Container.php(1227): Illuminate\Foundation\Application->make('view')
#5 /work/vendor/laravel/framework/src/Illuminate/Support/Facades/Facade.php(176): Illuminate\Container\Container->offsetGet('view')
#6 /work/vendor/laravel/framework/src/Illuminate/Support/Facades/Facade.php(144): Illuminate\Support\Facades\ in /work/vendor/laravel/framework/src/Illuminate/Container/Container.php on line 788
[05-Dec-2020 13:46:04 UTC] PHP Fatal error:  Uncaught ReflectionException: Class view does not exist in /work/vendor/laravel/framework/src/Illuminate/Container/Container.php:788
Stack trace:
#0 /work/vendor/laravel/framework/src/Illuminate/Container/Container.php(788): ReflectionClass->__construct('view')
#1 /work/vendor/laravel/framework/src/Illuminate/Container/Container.php(667): Illuminate\Container\Container->build('view')
#2 /work/vendor/laravel/framework/src/Illuminate/Container/Container.php(615): Illuminate\Container\Container->resolve('view', Array)
#3 /work/vendor/laravel/framework/src/Illuminate/Foundation/Application.php(767): Illuminate\Container\Container->make('view', Array)
#4 /work/vendor/laravel/framework/src/Illuminate/Container/Container.php(1227): Illuminate\Foundation\Application->make('view')
#5 /work/vendor/laravel/framework/src/Illuminate/Support/Facades/Facade.php(176): Illuminate\Container\Container->offsetGet('view')
#6 /work/vendor/laravel/framework/src/Illuminate/Support/Facades/Facade.php(144): Illuminate\Support\Facades\ in /work/vendor/laravel/framework/src/Illuminate/Container/Container.php on line 788
[05-Dec-2020 13:46:13 UTC] PHP Fatal error:  Uncaught ReflectionException: Class view does not exist in /work/vendor/laravel/framework/src/Illuminate/Container/Container.php:788
Stack trace:
#0 /work/vendor/laravel/framework/src/Illuminate/Container/Container.php(788): ReflectionClass->__construct('view')
#1 /work/vendor/laravel/framework/src/Illuminate/Container/Container.php(667): Illuminate\Container\Container->build('view')
#2 /work/vendor/laravel/framework/src/Illuminate/Container/Container.php(615): Illuminate\Container\Container->resolve('view', Array)
#3 /work/vendor/laravel/framework/src/Illuminate/Foundation/Application.php(767): Illuminate\Container\Container->make('view', Array)
#4 /work/vendor/laravel/framework/src/Illuminate/Container/Container.php(1227): Illuminate\Foundation\Application->make('view')
#5 /work/vendor/laravel/framework/src/Illuminate/Support/Facades/Facade.php(176): Illuminate\Container\Container->offsetGet('view')
#6 /work/vendor/laravel/framework/src/Illuminate/Support/Facades/Facade.php(144): Illuminate\Support\Facades\ in /work/vendor/laravel/framework/src/Illuminate/Container/Container.php on line 788
[05-Dec-2020 13:46:13 UTC] PHP Fatal error:  Uncaught ReflectionException: Class view does not exist in /work/vendor/laravel/framework/src/Illuminate/Container/Container.php:788
Stack trace:
#0 /work/vendor/laravel/framework/src/Illuminate/Container/Container.php(788): ReflectionClass->__construct('view')
#1 /work/vendor/laravel/framework/src/Illuminate/Container/Container.php(667): Illuminate\Container\Container->build('view')
#2 /work/vendor/laravel/framework/src/Illuminate/Container/Container.php(615): Illuminate\Container\Container->resolve('view', Array)
#3 /work/vendor/laravel/framework/src/Illuminate/Foundation/Application.php(767): Illuminate\Container\Container->make('view', Array)
#4 /work/vendor/laravel/framework/src/Illuminate/Container/Container.php(1227): Illuminate\Foundation\Application->make('view')
#5 /work/vendor/laravel/framework/src/Illuminate/Support/Facades/Facade.php(176): Illuminate\Container\Container->offsetGet('view')
#6 /work/vendor/laravel/framework/src/Illuminate/Support/Facades/Facade.php(144): Illuminate\Support\Facades\ in /work/vendor/laravel/framework/src/Illuminate/Container/Container.php on line 788
